#
# A fatal error has been detected by the Java Runtime Environment:
#
#  EXCEPTION_ACCESS_VIOLATION (0xc0000005) at pc=0x000000006d260713, pid=25632, tid=0x00000000000014f0
#
# JRE version: OpenJDK Runtime Environment (Zulu 8.58.0.13-CA-win64) (8.0_312-b07) (build 1.8.0_312-b07)
# Java VM: OpenJDK 64-Bit Server VM (25.312-b07 mixed mode windows-amd64 compressed oops)
# Problematic frame:
# V  [jvm.dll+0xe0713]
#
# Failed to write core dump. Minidumps are not enabled by default on client versions of Windows
#
# If you would like to submit a bug report, please visit:
#   http://www.azul.com/support/
#

---------------  T H R E A D  ---------------

Current thread (0x000002afb7a9e000):  VMThread [stack: 0x000000dc66900000,0x000000dc66a00000] [id=5360]

siginfo: ExceptionCode=0xc0000005, reading address 0xffffffffffffffff

Registers:
RAX=0x0000000000000026, RBX=0x000000dc669ff400, RCX=0x000000dc669ff400, RDX=0xffffffffffffffe6
RSP=0x000000dc669ff220, RBP=0x000000006d2606f0, RSI=0x0000000000000000, RDI=0x00000000000000a7
R8 =0x0000000000000026, R9 =0x000002af9d2d4780, R10=0x03ffffffffffffff, R11=0x000002afb75a24f4
R12=0x000002af9d2d46e0, R13=0x0000000000000001, R14=0x000002afb75a2524, R15=0x000000000000031c
RIP=0x000000006d260713, EFLAGS=0x0000000000010a07

Top of Stack: (sp=0x000000dc669ff220)
0x000000dc669ff220:   000002afb75a2728 000000000000031c
0x000000dc669ff230:   000000dc669ff400 000000006d25eb4d
0x000000dc669ff240:   000000dc669ff400 000000006d26452c
0x000000dc669ff250:   000000dc669ff400 0000000000000000
0x000000dc669ff260:   000002afb7a9e000 000000006d1e1f28
0x000000dc669ff270:   000002afb75a2728 000000dc669ff2d0
0x000000dc669ff280:   000000000000031c 000002afb75a2524
0x000000dc669ff290:   00000000000000a7 000000006d264a59
0x000000dc669ff2a0:   000000dc669ff400 000000dc669ff300
0x000000dc669ff2b0:   00000000000000a7 000002afb7a9e000
0x000000dc669ff2c0:   000002afb75a2728 000002afb7a9e000
0x000000dc669ff2d0:   000002afb75a2728 000002afb7a9e000
0x000000dc669ff2e0:   0000031f0000031c 000000a70000032d
0x000000dc669ff2f0:   0000000000000000 00000000000000a7
0x000000dc669ff300:   0000000000000000 0000000000000000
0x000000dc669ff310:   000002af9d2d4ab8 000002af9d2d46e0 

Instructions: (pc=0x000000006d260713)
0x000000006d2606f3:   83 ec 20 4c 8b 89 90 00 00 00 48 8b d9 48 63 d2
0x000000006d260703:   0f b6 c2 4c 8b d2 24 3f 49 c1 ea 06 44 0f b6 c0
0x000000006d260713:   4b 8b 04 d1 4c 0f a3 c0 72 0f 48 83 c1 70 41 b0
0x000000006d260723:   01 e8 77 c3 16 00 ff 43 6c 48 83 c4 20 5b c3 cc 


Register to memory mapping:

RAX=0x0000000000000026 is an unknown value
RBX=0x000000dc669ff400 is an unknown value
RCX=0x000000dc669ff400 is an unknown value
RDX=0xffffffffffffffe6 is an unknown value
RSP=0x000000dc669ff220 is an unknown value
RBP=0x000000006d2606f0 is an unknown value
RSI=0x0000000000000000 is an unknown value
RDI=0x00000000000000a7 is an unknown value
R8 =0x0000000000000026 is an unknown value
R9 =0x000002af9d2d4780 is an unknown value
R10=0x03ffffffffffffff is an unknown value
R11=0x000002afb75a24f4 is pointing into metadata
R12=0x000002af9d2d46e0 is an unknown value
R13=0x0000000000000001 is an unknown value
R14=0x000002afb75a2524 is pointing into metadata
R15=0x000000000000031c is an unknown value


Stack: [0x000000dc66900000,0x000000dc66a00000],  sp=0x000000dc669ff220,  free space=1020k
Native frames: (J=compiled Java code, j=interpreted, Vv=VM code, C=native code)
V  [jvm.dll+0xe0713]
V  [jvm.dll+0xe452c]
V  [jvm.dll+0xe4a59]
V  [jvm.dll+0xe0a26]
V  [jvm.dll+0xa872b]
V  [jvm.dll+0xa91c3]
V  [jvm.dll+0xed7f4]
V  [jvm.dll+0x110f40]
V  [jvm.dll+0x194b91]
V  [jvm.dll+0x223b97]
V  [jvm.dll+0x2221a6]
V  [jvm.dll+0x22295f]
V  [jvm.dll+0x222c6d]
V  [jvm.dll+0x270f6c]
C  [ucrtbase.dll+0x21bb2]
C  [KERNEL32.DLL+0x17034]
C  [ntdll.dll+0x52651]

VM_Operation (0x000000dc66eff210): GetOrSetLocal, mode: safepoint, requested by thread 0x000002afb86db800


---------------  P R O C E S S  ---------------

Java Threads: ( => current thread )
  0x000002afb9b24800 JavaThread "Service Thread" daemon [_thread_blocked, id=6092, stack(0x000000dc67500000,0x000000dc67633330)]
  0x000002afb871e800 JavaThread "C1 CompilerThread3" daemon [_thread_blocked, id=12836, stack(0x000000dc67400000,0x000000dc67500000)]
  0x000002afb8713800 JavaThread "C2 CompilerThread2" daemon [_thread_blocked, id=20632, stack(0x000000dc67300000,0x000000dc67400000)]
  0x000002afb870f000 JavaThread "C2 CompilerThread1" daemon [_thread_blocked, id=26440, stack(0x000000dc67200000,0x000000dc67300000)]
  0x000002afb8701800 JavaThread "C2 CompilerThread0" daemon [_thread_blocked, id=14888, stack(0x000000dc67100000,0x000000dc67200000)]
  0x000002afb86e4000 JavaThread "JDWP Command Reader" daemon [_thread_in_native, id=24044, stack(0x000000dc67000000,0x000000dc67100000)]
  0x000002afb86e0000 JavaThread "JDWP Event Helper Thread" daemon [_thread_blocked, id=6404, stack(0x000000dc66f00000,0x000000dc67000000)]
  0x000002afb86db800 JavaThread "JDWP Transport Listener: dt_socket" daemon [_thread_blocked, id=6140, stack(0x000000dc66e00000,0x000000dc66f00000)]
  0x000002afb86ba000 JavaThread "Attach Listener" daemon [_thread_blocked, id=10508, stack(0x000000dc66d00000,0x000000dc66e00000)]
  0x000002afb86b9000 JavaThread "Signal Dispatcher" daemon [_thread_blocked, id=15456, stack(0x000000dc66c00000,0x000000dc66d00000)]
  0x000002afb8692000 JavaThread "Finalizer" daemon [_thread_blocked, id=13700, stack(0x000000dc66b00000,0x000000dc66c00000)]
  0x000002afb868a800 JavaThread "Reference Handler" daemon [_thread_blocked, id=26192, stack(0x000000dc66a00000,0x000000dc66b00000)]
  0x000002af9d22a000 JavaThread "main" [_thread_blocked, id=11368, stack(0x000000dc66333300,0x000000dc66100000)]

Other Threads:
=>0x000002afb7a9e000 VMThread [stack: 0x000000dc66900000,0x000000dc66a00000] [id=5360]
  0x000002afb9b04000 WatcherThread [stack: 0x000000dc67633330,0x000000dc67700000] [id=20504]

VM state:at safepoint (normal execution)

VM Mutex/Monitor currently owned by a thread:  ([mutex/lock_event])
[0x000002af9d227a10] Threads_lock - owner thread: 0x000002afb7a9e000

heap address: 0x00000006c5000000, size: 4016 MB, Compressed Oops mode: Zero based, Oop shift amount: 3
Narrow klass base: 0x0000000000000000, Narrow klass shift: 3
Compressed class space size: 1073741824 Address: 0x00000007c0000000

Heap:
 PSYoungGen      total 75264K, used 11633K [0x000000076c580000, 0x0000000771980000, 0x00000007c0000000)
  eden space 64512K, 18% used [0x000000076c580000,0x000000076d0dc430,0x0000000770480000)
  from space 10752K, 0% used [0x0000000770f00000,0x0000000770f00000,0x0000000771980000)
  to   space 10752K, 0% used [0x0000000770480000,0x0000000770480000,0x0000000770f00000)
 ParOldGen       total 172032K, used 0K [0x00000006c5000000, 0x00000006cf800000, 0x000000076c580000)
  object space 172032K, 0% used [0x00000006c5000000,0x00000006c5000000,0x00000006cf800000)
 Metaspace       used 6315K, capacity 6506K, committed 6656K, reserved 1056768K
  class space    used 704K, capacity 763K, committed 768K, reserved 1048576K

Card table byte_map: [0x000002afaded0000,0x000002afae6b0000] byte_map_base: 0x000002afaa8a8000

Marking Bits: (ParMarkBitMap*) 0x000000006d96b510
 Begin Bits: [0x000002afaebf0000, 0x000002afb2ab0000)
 End Bits:   [0x000002afb2ab0000, 0x000002afb6970000)

Polling page: 0x000002af9d4c0000

CodeCache: size=245760Kb used=1896Kb max_used=1896Kb free=243864Kb
 bounds [0x000002af9eb10000, 0x000002af9ed80000, 0x000002afadb10000]
 total_blobs=670 nmethods=362 adapters=228
 compilation: enabled

Compilation events (10 events):
Event: 7.434 Thread 0x000002afb871e800  358       3       java.lang.String::endsWith (17 bytes)
Event: 7.434 Thread 0x000002afb871e800 nmethod 358 0x000002af9ece2410 code [0x000002af9ece2580, 0x000002af9ece27d0]
Event: 7.434 Thread 0x000002afb871e800  359       3       java.lang.String::toCharArray (25 bytes)
Event: 7.434 Thread 0x000002afb871e800 nmethod 359 0x000002af9ece7c10 code [0x000002af9ece7d80, 0x000002af9ece8010]
Event: 7.434 Thread 0x000002afb871e800  360       1       java.nio.Buffer::limit (5 bytes)
Event: 7.435 Thread 0x000002afb871e800 nmethod 360 0x000002af9ece7950 code [0x000002af9ece7aa0, 0x000002af9ece7bb8]
Event: 460.942 Thread 0x000002afb871e800  361   !   3       java.lang.ClassLoader::loadClass (122 bytes)
Event: 460.944 Thread 0x000002afb871e800 nmethod 361 0x000002af9ece89d0 code [0x000002af9ece8d60, 0x000002af9eceb0e0]
Event: 460.944 Thread 0x000002afb871e800  362       3       java.lang.ClassLoader::getClassLoadingLock (35 bytes)
Event: 460.944 Thread 0x000002afb871e800 nmethod 362 0x000002af9ece7290 code [0x000002af9ece7400, 0x000002af9ece77d0]

GC Heap History (0 events):
No events

Deoptimization events (1 events):
Event: 0.254 Thread 0x000002af9d22a000 Uncommon trap: reason=unstable_if action=reinterpret pc=0x000002af9ec11f04 method=java.lang.String.hashCode()I @ 14

Classes redefined (2 events):
Event: 460.947 Thread 0x000002afb7a9e000 redefined class name=lab.client.ClientConnect, count=1
Event: 652.808 Thread 0x000002afb7a9e000 redefined class name=lab.client.ClientConnect, count=2

Internal exceptions (9 events):
Event: 0.033 Thread 0x000002af9d22a000 Exception <a 'java/lang/NoSuchMethodError': Method sun.misc.Unsafe.defineClass(Ljava/lang/String;[BII)Ljava/lang/Class; name or signature does not match> (0x000000076c587cc8) thrown at [C:\jenkins\workspace\zulu8-build-win64\zulu-src\hotspot\src\share\vm\
Event: 0.033 Thread 0x000002af9d22a000 Exception <a 'java/lang/NoSuchMethodError': Method sun.misc.Unsafe.prefetchRead(Ljava/lang/Object;J)V name or signature does not match> (0x000000076c587fb0) thrown at [C:\jenkins\workspace\zulu8-build-win64\zulu-src\hotspot\src\share\vm\prims\jni.cpp, lin
Event: 0.312 Thread 0x000002af9d22a000 Exception <a 'java/security/PrivilegedActionException'> (0x000000076ca4eb00) thrown at [C:\jenkins\workspace\zulu8-build-win64\zulu-src\hotspot\src\share\vm\prims\jvm.cpp, line 1529]
Event: 0.312 Thread 0x000002af9d22a000 Exception <a 'java/security/PrivilegedActionException'> (0x000000076ca4eef8) thrown at [C:\jenkins\workspace\zulu8-build-win64\zulu-src\hotspot\src\share\vm\prims\jvm.cpp, line 1529]
Event: 0.312 Thread 0x000002af9d22a000 Exception <a 'java/security/PrivilegedActionException'> (0x000000076ca51fa0) thrown at [C:\jenkins\workspace\zulu8-build-win64\zulu-src\hotspot\src\share\vm\prims\jvm.cpp, line 1529]
Event: 0.312 Thread 0x000002af9d22a000 Exception <a 'java/security/PrivilegedActionException'> (0x000000076ca52398) thrown at [C:\jenkins\workspace\zulu8-build-win64\zulu-src\hotspot\src\share\vm\prims\jvm.cpp, line 1529]
Event: 0.488 Thread 0x000002af9d22a000 Exception <a 'java/lang/NoSuchFieldError': method resolution failed> (0x000000076ceff400) thrown at [C:\jenkins\workspace\zulu8-build-win64\zulu-src\hotspot\src\share\vm\prims\methodHandles.cpp, line 1176]
Event: 0.489 Thread 0x000002af9d22a000 Exception <a 'java/lang/NoSuchFieldError': method resolution failed> (0x000000076cf0e0f0) thrown at [C:\jenkins\workspace\zulu8-build-win64\zulu-src\hotspot\src\share\vm\prims\methodHandles.cpp, line 1176]
Event: 7.346 Thread 0x000002af9d22a000 Exception <a 'java/lang/NoSuchMethodError': <clinit>> (0x000000076d060ee8) thrown at [C:\jenkins\workspace\zulu8-build-win64\zulu-src\hotspot\src\share\vm\prims\jni.cpp, line 1616]

Events (10 events):
Event: 652.863 Executing VM operation: ChangeBreakpoints done
Event: 652.863 Executing VM operation: ChangeBreakpoints
Event: 652.863 Executing VM operation: ChangeBreakpoints done
Event: 652.863 Executing VM operation: ChangeBreakpoints
Event: 652.863 Executing VM operation: ChangeBreakpoints done
Event: 652.864 Executing VM operation: ChangeBreakpoints
Event: 652.864 Executing VM operation: ChangeBreakpoints done
Event: 652.902 Executing VM operation: ChangeBreakpoints
Event: 652.902 Executing VM operation: ChangeBreakpoints done
Event: 652.919 Executing VM operation: GetOrSetLocal


Dynamic libraries:
0x00007ff60db30000 - 0x00007ff60db75000 	C:\Users\kal1n\.jdks\azul-1.8.0_312\bin\java.exe
0x00007ffe057d0000 - 0x00007ffe059c5000 	C:\Windows\SYSTEM32\ntdll.dll
0x00007ffe03830000 - 0x00007ffe038ee000 	C:\Windows\System32\KERNEL32.DLL
0x00007ffe03030000 - 0x00007ffe032f8000 	C:\Windows\System32\KERNELBASE.dll
0x00007ffe038f0000 - 0x00007ffe0399e000 	C:\Windows\System32\ADVAPI32.dll
0x00007ffe04a90000 - 0x00007ffe04b2e000 	C:\Windows\System32\msvcrt.dll
0x00007ffe04510000 - 0x00007ffe045ac000 	C:\Windows\System32\sechost.dll
0x00007ffe043e0000 - 0x00007ffe04505000 	C:\Windows\System32\RPCRT4.dll
0x00007ffe05590000 - 0x00007ffe05730000 	C:\Windows\System32\USER32.dll
0x00007ffe03590000 - 0x00007ffe035b2000 	C:\Windows\System32\win32u.dll
0x00007ffe04640000 - 0x00007ffe0466a000 	C:\Windows\System32\GDI32.dll
0x00007ffe035c0000 - 0x00007ffe036cb000 	C:\Windows\System32\gdi32full.dll
0x00007ffe036d0000 - 0x00007ffe0376d000 	C:\Windows\System32\msvcp_win.dll
0x00007ffe03463333 - 0x00007ffe03563333 	C:\Windows\System32\ucrtbase.dll
0x00007ffdeb030000 - 0x00007ffdeb2ca000 	C:\Windows\WinSxS\amd64_microsoft.windows.common-controls_6595b64144ccf1df_6.0.19041.1110_none_60b5254171f9507e\COMCTL32.dll
0x00007ffe05500000 - 0x00007ffe05530000 	C:\Windows\System32\IMM32.DLL
0x00007ffdfaa00000 - 0x00007ffdfaa15000 	C:\Users\kal1n\.jdks\azul-1.8.0_312\jre\bin\vcruntime140.dll
0x00007ffdf4100000 - 0x00007ffdf419b000 	C:\Users\kal1n\.jdks\azul-1.8.0_312\jre\bin\msvcp140.dll
0x000000006d180000 - 0x000000006d9e5000 	C:\Users\kal1n\.jdks\azul-1.8.0_312\jre\bin\server\jvm.dll
0x00007ffe04c70000 - 0x00007ffe04c78000 	C:\Windows\System32\PSAPI.DLL
0x00007ffde0a50000 - 0x00007ffde0a59000 	C:\Windows\SYSTEM32\WSOCK32.dll
0x00007ffe04010000 - 0x00007ffe0407b000 	C:\Windows\System32\WS2_32.dll
0x00007ffdfcaa0000 - 0x00007ffdfcaaa000 	C:\Windows\SYSTEM32\VERSION.dll
0x00007ffdebae0000 - 0x00007ffdebb07000 	C:\Windows\SYSTEM32\WINMM.dll
0x00007ffe017a0000 - 0x00007ffe017b2000 	C:\Windows\SYSTEM32\kernel.appcore.dll
0x00007ffdfcb90000 - 0x00007ffdfcba0000 	C:\Users\kal1n\.jdks\azul-1.8.0_312\jre\bin\verify.dll
0x00007ffdf49e0000 - 0x00007ffdf4a0b000 	C:\Users\kal1n\.jdks\azul-1.8.0_312\jre\bin\java.dll
0x00007ffdeb490000 - 0x00007ffdeb4c6000 	C:\Users\kal1n\.jdks\azul-1.8.0_312\jre\bin\jdwp.dll
0x00007ffdf40b0000 - 0x00007ffdf40b9000 	C:\Users\kal1n\.jdks\azul-1.8.0_312\jre\bin\npt.dll
0x00007ffdeb450000 - 0x00007ffdeb481000 	C:\Users\kal1n\.jdks\azul-1.8.0_312\jre\bin\instrument.dll
0x00007ffdf7363333 - 0x00007ffdf7378000 	C:\Users\kal1n\.jdks\azul-1.8.0_312\jre\bin\zip.dll
0x00007ffe04d50000 - 0x00007ffe05494000 	C:\Windows\System32\SHELL32.dll
0x00007ffe00d40000 - 0x00007ffe014d4000 	C:\Windows\SYSTEM32\windows.storage.dll
0x00007ffe04080000 - 0x00007ffe043d4000 	C:\Windows\System32\combase.dll
0x00007ffe02963333 - 0x00007ffe0298c000 	C:\Windows\SYSTEM32\Wldp.dll
0x00007ffe049e0000 - 0x00007ffe04a8d000 	C:\Windows\System32\SHCORE.dll
0x00007ffe05530000 - 0x00007ffe05585000 	C:\Windows\System32\shlwapi.dll
0x00007ffe02e30000 - 0x00007ffe02e4f000 	C:\Windows\SYSTEM32\profapi.dll
0x00007ffdf40a0000 - 0x00007ffdf40aa000 	C:\Users\kal1n\.jdks\azul-1.8.0_312\jre\bin\dt_socket.dll
0x00007ffe026c0000 - 0x00007ffe0272a000 	C:\Windows\system32\mswsock.dll
0x00007ffdf49c0000 - 0x00007ffdf49dc000 	C:\Users\kal1n\.jdks\azul-1.8.0_312\jre\bin\net.dll
0x00007ffdf4230000 - 0x00007ffdf4243000 	C:\Users\kal1n\.jdks\azul-1.8.0_312\jre\bin\nio.dll
0x00007ffe028b0000 - 0x00007ffe028c8000 	C:\Windows\SYSTEM32\CRYPTSP.dll
0x00007ffe01fd0000 - 0x00007ffe02004000 	C:\Windows\system32\rsaenh.dll
0x00007ffe03563333 - 0x00007ffe03587000 	C:\Windows\System32\bcrypt.dll
0x00007ffe02df0000 - 0x00007ffe02e1e000 	C:\Windows\SYSTEM32\USERENV.dll
0x00007ffe02fa0000 - 0x00007ffe03022000 	C:\Windows\System32\bcryptprimitives.dll
0x00007ffe028d0000 - 0x00007ffe028dc000 	C:\Windows\SYSTEM32\CRYPTBASE.dll
0x00007ffe02363333 - 0x00007ffe0239b000 	C:\Windows\SYSTEM32\IPHLPAPI.DLL
0x00007ffe03ac0000 - 0x00007ffe03ac8000 	C:\Windows\System32\NSI.dll
0x00007ffdf8970000 - 0x00007ffdf8987000 	C:\Windows\SYSTEM32\dhcpcsvc6.DLL
0x00007ffdf9080000 - 0x00007ffdf909d000 	C:\Windows\SYSTEM32\dhcpcsvc.DLL
0x00007ffe023b0000 - 0x00007ffe0247b000 	C:\Windows\SYSTEM32\DNSAPI.dll
0x00007ffdf8150000 - 0x00007ffdf815a000 	C:\Windows\System32\rasadhlp.dll
0x00007ffdf7c90000 - 0x00007ffdf7d0f000 	C:\Windows\System32\fwpuclnt.dll
0x00007ffe00b50000 - 0x00007ffe00d34000 	C:\Windows\SYSTEM32\dbghelp.dll

VM Arguments:
jvm_args: -agentlib:jdwp=transport=dt_socket,address=127.0.0.1:56914,suspend=y,server=n -javaagent:C:\Users\kal1n\AppData\Local\JetBrains\IntelliJIdea2021.3\captureAgent\debugger-agent.jar -Dfile.encoding=UTF-8 
java_command: lab.client.TestClient
java_class_path (initial): C:\Users\kal1n\.jdks\azul-1.8.0_312\jre\lib\charsets.jar;C:\Users\kal1n\.jdks\azul-1.8.0_312\jre\lib\crs-agent.jar;C:\Users\kal1n\.jdks\azul-1.8.0_312\jre\lib\ext\access-bridge-64.jar;C:\Users\kal1n\.jdks\azul-1.8.0_312\jre\lib\ext\cldrdata.jar;C:\Users\kal1n\.jdks\azul-1.8.0_312\jre\lib\ext\dnsns.jar;C:\Users\kal1n\.jdks\azul-1.8.0_312\jre\lib\ext\jaccess.jar;C:\Users\kal1n\.jdks\azul-1.8.0_312\jre\lib\ext\legacy8ujsse.jar;C:\Users\kal1n\.jdks\azul-1.8.0_312\jre\lib\ext\localedata.jar;C:\Users\kal1n\.jdks\azul-1.8.0_312\jre\lib\ext\nashorn.jar;C:\Users\kal1n\.jdks\azul-1.8.0_312\jre\lib\ext\openjsse.jar;C:\Users\kal1n\.jdks\azul-1.8.0_312\jre\lib\ext\sunec.jar;C:\Users\kal1n\.jdks\azul-1.8.0_312\jre\lib\ext\sunjce_provider.jar;C:\Users\kal1n\.jdks\azul-1.8.0_312\jre\lib\ext\sunmscapi.jar;C:\Users\kal1n\.jdks\azul-1.8.0_312\jre\lib\ext\sunpkcs11.jar;C:\Users\kal1n\.jdks\azul-1.8.0_312\jre\lib\ext\zipfs.jar;C:\Users\kal1n\.jdks\azul-1.8.0_312\jre\lib\jce.jar;C:\Users\kal1n\.jdks\azul-1.8.0_312\jre\lib\jfr.jar;C:\Users\kal1n\.jdks\azul-1.8.0_312\jre\lib\jsse.jar;C:\Users\kal1n\.jdks\azul-1.8.0_312\jre\lib\management-agent.jar;C:\Users\kal1n\.jdks\azul-1.8.0_312\jre\lib\resources.jar;C:\Users\kal1n\.jdks\azul-1.8.0_312\jre\lib\rt.jar;C:\Users\kal1n\IdeaProjects\lab7TestThread\client\target\classes;C:\Users\kal1n\IdeaProjects\lab7TestThread\common\target\classes;C:\Users\kal1n\.m2\repository\com\opencsv\opencsv\5.6\opencsv-5.6.jar;C:\Users\kal1n\.m2\repository\org\apache\commons\commons-lang3\3.12.0\commons-lang3-3.12.0.jar;C:\Users\kal1n\.m2\repository\org\apache\commons\commons-text\1.9\commons-text-1.9.jar;C:\Users\kal1n\.m2\repository\commons-beanutils\commons-beanutils\1.9.4\commons-beanutils-1.9.4.jar;C:\Users\kal1n\.m2\repository\commons-logging\commons-logging\1.2\commons-logging-1.2.jar;C:\Users\kal1n\.m2\repository\commons-collections\commons-collections\3.2.2\commons-collections-3.2.2.jar;C:\Users\kal1n\.m2\repository\org\apache\c
Launcher Type: SUN_STANDARD

Environment Variables:
PATH=C:\Program Files (x86)\Common Files\Oracle\Java\javapath;C:\Windows\system32;C:\Windows;C:\Windows\System32\Wbem;C:\Windows\System32\WindowsPowerShell\v1.0\;C:\Windows\System32\OpenSSH\;C:\Program Files\NVIDIA Corporation\NVIDIA NvDLISR;C:\Program Files\Git\cmd;C:\Program Files\PuTTY\;C:\Program Files (x86)\NVIDIA Corporation\PhysX\Common;C:\Users\kal1n\AppData\Local\Microsoft\WindowsApps;C:\Users\kal1n\AppData\Local\GitHubDesktop\bin
USERNAME=kalin
OS=Windows_NT
PROCESSOR_IDENTIFIER=Intel64 Family 6 Model 140 Stepping 1, GenuineIntel



---------------  S Y S T E M  ---------------

OS: Windows 10.0 , 64 bit Build 19041 (10.0.19041.1645)

CPU:total 8 (initial active 8) (4 cores per cpu, 2 threads per core) family 6 model 140 stepping 1, cmov, cx8, fxsr, mmx, sse, sse2, sse3, ssse3, sse4.1, sse4.2, popcnt, avx, avx2, aes, clmul, erms, 3dnowpref, lzcnt, ht, tsc, tscinvbit, bmi1, bmi2, adx

Memory: 4k page, physical 16447140k(7354860k free), swap 21902684k(6783088k free)

vm_info: OpenJDK 64-Bit Server VM (25.312-b07) for windows-amd64 JRE (Zulu 8.58.0.13-CA-win64) (1.8.0_312-b07), built on Oct  9 2021 07:08:12 by "tester" with MS VC++ 15.9 (VS2017)

time: Sat May  7 17:33:35 2022
timezone: RTZ 2 (зима)
elapsed time: 652.934317 seconds (0d 0h 10m 52s)

